<?xml version="1.0" encoding="UTF-8"?>
<coverage generated="1752307862285" clover="3.2.0">
  <project timestamp="1752307862285" name="All files">
    <metrics statements="101" coveredstatements="86" conditionals="42" coveredconditionals="36" methods="4" coveredmethods="4" elements="147" coveredelements="126" complexity="0" loc="101" ncloc="101" packages="1" files="1" classes="1"/>
    <file name="index.ts" path="/Users/larsde/src/zod-subset-parser/src/index.ts">
      <metrics statements="101" coveredstatements="86" conditionals="42" coveredconditionals="36" methods="4" coveredmethods="4"/>
      <line num="1" count="1" type="stmt"/>
      <line num="2" count="1" type="stmt"/>
      <line num="5" count="1" type="stmt"/>
      <line num="6" count="1" type="cond" truecount="1" falsecount="0"/>
      <line num="7" count="5" type="stmt"/>
      <line num="8" count="5" type="stmt"/>
      <line num="9" count="5" type="stmt"/>
      <line num="10" count="1" type="stmt"/>
      <line num="17" count="49" type="cond" truecount="1" falsecount="0"/>
      <line num="18" count="49" type="cond" truecount="1" falsecount="0"/>
      <line num="19" count="2" type="stmt"/>
      <line num="20" count="2" type="cond" truecount="1" falsecount="0"/>
      <line num="22" count="47" type="stmt"/>
      <line num="24" count="47" type="stmt"/>
      <line num="25" count="47" type="stmt"/>
      <line num="26" count="47" type="stmt"/>
      <line num="29" count="47" type="cond" truecount="2" falsecount="0"/>
      <line num="30" count="34" type="stmt"/>
      <line num="31" count="34" type="cond" truecount="1" falsecount="0"/>
      <line num="33" count="34" type="stmt"/>
      <line num="34" count="34" type="cond" truecount="1" falsecount="0"/>
      <line num="35" count="34" type="cond" truecount="1" falsecount="0"/>
      <line num="36" count="34" type="cond" truecount="1" falsecount="0"/>
      <line num="37" count="34" type="cond" truecount="1" falsecount="0"/>
      <line num="38" count="34" type="cond" truecount="1" falsecount="0"/>
      <line num="39" count="25" type="cond" truecount="1" falsecount="0"/>
      <line num="40" count="1" type="stmt"/>
      <line num="41" count="1" type="cond" truecount="1" falsecount="0"/>
      <line num="42" count="24" type="stmt"/>
      <line num="43" count="34" type="cond" truecount="1" falsecount="0"/>
      <line num="44" count="1" type="stmt"/>
      <line num="45" count="34" type="cond" truecount="1" falsecount="0"/>
      <line num="46" count="2" type="stmt"/>
      <line num="47" count="2" type="cond" truecount="2" falsecount="0"/>
      <line num="48" count="1" type="stmt"/>
      <line num="49" count="1" type="stmt"/>
      <line num="50" count="1" type="stmt"/>
      <line num="51" count="34" type="cond" truecount="1" falsecount="0"/>
      <line num="52" count="1" type="stmt"/>
      <line num="53" count="34" type="cond" truecount="1" falsecount="0"/>
      <line num="54" count="1" type="stmt"/>
      <line num="55" count="34" type="cond" truecount="1" falsecount="0"/>
      <line num="56" count="1" type="stmt"/>
      <line num="57" count="34" type="cond" truecount="1" falsecount="0"/>
      <line num="58" count="1" type="stmt"/>
      <line num="59" count="34" type="cond" truecount="1" falsecount="0"/>
      <line num="60" count="1" type="stmt"/>
      <line num="61" count="34" type="cond" truecount="0" falsecount="1"/>
      <line num="62" count="0" type="cond" truecount="1" falsecount="0"/>
      <line num="65" count="13" type="stmt"/>
      <line num="66" count="13" type="stmt"/>
      <line num="67" count="13" type="stmt"/>
      <line num="68" count="13" type="cond" truecount="1" falsecount="0"/>
      <line num="70" count="13" type="cond" truecount="0" falsecount="1"/>
      <line num="71" count="0" type="stmt"/>
      <line num="72" count="0" type="stmt"/>
      <line num="74" count="13" type="stmt"/>
      <line num="75" count="13" type="stmt"/>
      <line num="76" count="47" type="cond" truecount="0" falsecount="1"/>
      <line num="78" count="0" type="stmt"/>
      <line num="79" count="0" type="stmt"/>
      <line num="86" count="24" type="cond" truecount="1" falsecount="0"/>
      <line num="87" count="24" type="cond" truecount="1" falsecount="0"/>
      <line num="88" count="13" type="stmt"/>
      <line num="89" count="13" type="cond" truecount="1" falsecount="0"/>
      <line num="90" count="24" type="cond" truecount="1" falsecount="0"/>
      <line num="91" count="4" type="cond" truecount="1" falsecount="0"/>
      <line num="92" count="4" type="cond" truecount="1" falsecount="0"/>
      <line num="93" count="24" type="cond" truecount="1" falsecount="0"/>
      <line num="94" count="5" type="stmt"/>
      <line num="95" count="5" type="cond" truecount="1" falsecount="0"/>
      <line num="96" count="2" type="stmt"/>
      <line num="97" count="2" type="stmt"/>
      <line num="98" count="2" type="stmt"/>
      <line num="99" count="2" type="stmt"/>
      <line num="100" count="2" type="stmt"/>
      <line num="101" count="2" type="stmt"/>
      <line num="102" count="2" type="stmt"/>
      <line num="103" count="2" type="cond" truecount="1" falsecount="0"/>
      <line num="104" count="1" type="stmt"/>
      <line num="105" count="1" type="cond" truecount="0" falsecount="1"/>
      <line num="106" count="0" type="stmt"/>
      <line num="107" count="0" type="stmt"/>
      <line num="109" count="1" type="cond" truecount="1" falsecount="0"/>
      <line num="110" count="29" type="stmt"/>
      <line num="111" count="29" type="stmt"/>
      <line num="113" count="29" type="cond" truecount="0" falsecount="1"/>
      <line num="114" count="0" type="stmt"/>
      <line num="115" count="0" type="stmt"/>
      <line num="117" count="29" type="stmt"/>
      <line num="118" count="29" type="cond" truecount="1" falsecount="0"/>
      <line num="119" count="5" type="stmt"/>
      <line num="120" count="5" type="stmt"/>
      <line num="121" count="5" type="cond" truecount="0" falsecount="1"/>
      <line num="122" count="0" type="stmt"/>
      <line num="123" count="0" type="stmt"/>
      <line num="124" count="0" type="stmt"/>
      <line num="125" count="0" type="stmt"/>
      <line num="126" count="0" type="stmt"/>
      <line num="127" count="0" type="stmt"/>
      <line num="128" count="29" type="stmt"/>
    </file>
  </project>
</coverage>
