{"/Users/larsde/src/zod-subset-parser/src/index.ts": {"path":"/Users/larsde/src/zod-subset-parser/src/index.ts","all":false,"statementMap":{"0":{"start":{"line":1,"column":0},"end":{"line":1,"column":36}},"1":{"start":{"line":2,"column":0},"end":{"line":2,"column":31}},"4":{"start":{"line":5,"column":0},"end":{"line":5,"column":42}},"5":{"start":{"line":6,"column":0},"end":{"line":6,"column":32}},"6":{"start":{"line":7,"column":0},"end":{"line":7,"column":19}},"7":{"start":{"line":8,"column":0},"end":{"line":8,"column":32}},"8":{"start":{"line":9,"column":0},"end":{"line":9,"column":3}},"9":{"start":{"line":10,"column":0},"end":{"line":10,"column":1}},"16":{"start":{"line":17,"column":0},"end":{"line":17,"column":50}},"17":{"start":{"line":18,"column":0},"end":{"line":18,"column":39}},"18":{"start":{"line":19,"column":0},"end":{"line":19,"column":73}},"19":{"start":{"line":20,"column":0},"end":{"line":20,"column":3}},"21":{"start":{"line":22,"column":0},"end":{"line":22,"column":29}},"23":{"start":{"line":24,"column":0},"end":{"line":24,"column":43}},"24":{"start":{"line":25,"column":0},"end":{"line":25,"column":33}},"25":{"start":{"line":26,"column":0},"end":{"line":26,"column":51}},"28":{"start":{"line":29,"column":0},"end":{"line":29,"column":62}},"29":{"start":{"line":30,"column":0},"end":{"line":30,"column":39}},"30":{"start":{"line":31,"column":0},"end":{"line":31,"column":74}},"32":{"start":{"line":33,"column":0},"end":{"line":33,"column":27}},"33":{"start":{"line":34,"column":0},"end":{"line":34,"column":22}},"34":{"start":{"line":35,"column":0},"end":{"line":35,"column":22}},"35":{"start":{"line":36,"column":0},"end":{"line":36,"column":23}},"36":{"start":{"line":37,"column":0},"end":{"line":37,"column":20}},"37":{"start":{"line":38,"column":0},"end":{"line":38,"column":25}},"38":{"start":{"line":39,"column":0},"end":{"line":39,"column":32}},"39":{"start":{"line":40,"column":0},"end":{"line":40,"column":85}},"40":{"start":{"line":41,"column":0},"end":{"line":41,"column":11}},"41":{"start":{"line":42,"column":0},"end":{"line":42,"column":33}},"42":{"start":{"line":43,"column":0},"end":{"line":43,"column":23}},"43":{"start":{"line":44,"column":0},"end":{"line":44,"column":36}},"44":{"start":{"line":45,"column":0},"end":{"line":45,"column":20}},"45":{"start":{"line":46,"column":0},"end":{"line":46,"column":46}},"46":{"start":{"line":47,"column":0},"end":{"line":47,"column":60}},"47":{"start":{"line":48,"column":0},"end":{"line":48,"column":82}},"48":{"start":{"line":49,"column":0},"end":{"line":49,"column":11}},"49":{"start":{"line":50,"column":0},"end":{"line":50,"column":61}},"50":{"start":{"line":51,"column":0},"end":{"line":51,"column":21}},"51":{"start":{"line":52,"column":0},"end":{"line":52,"column":48}},"52":{"start":{"line":53,"column":0},"end":{"line":53,"column":22}},"53":{"start":{"line":54,"column":0},"end":{"line":54,"column":65}},"54":{"start":{"line":55,"column":0},"end":{"line":55,"column":21}},"55":{"start":{"line":56,"column":0},"end":{"line":56,"column":67}},"56":{"start":{"line":57,"column":0},"end":{"line":57,"column":21}},"57":{"start":{"line":58,"column":0},"end":{"line":58,"column":67}},"58":{"start":{"line":59,"column":0},"end":{"line":59,"column":16}},"59":{"start":{"line":60,"column":0},"end":{"line":60,"column":78}},"60":{"start":{"line":61,"column":0},"end":{"line":61,"column":7}},"61":{"start":{"line":62,"column":0},"end":{"line":62,"column":5}},"64":{"start":{"line":65,"column":0},"end":{"line":65,"column":43}},"65":{"start":{"line":66,"column":0},"end":{"line":66,"column":39}},"66":{"start":{"line":67,"column":0},"end":{"line":67,"column":39}},"67":{"start":{"line":68,"column":0},"end":{"line":68,"column":74}},"69":{"start":{"line":70,"column":0},"end":{"line":70,"column":62}},"70":{"start":{"line":71,"column":0},"end":{"line":71,"column":69}},"71":{"start":{"line":72,"column":0},"end":{"line":72,"column":7}},"73":{"start":{"line":74,"column":0},"end":{"line":74,"column":50}},"74":{"start":{"line":75,"column":0},"end":{"line":75,"column":5}},"75":{"start":{"line":76,"column":0},"end":{"line":76,"column":3}},"77":{"start":{"line":78,"column":0},"end":{"line":78,"column":52}},"78":{"start":{"line":79,"column":0},"end":{"line":79,"column":1}},"85":{"start":{"line":86,"column":0},"end":{"line":86,"column":41}},"86":{"start":{"line":87,"column":0},"end":{"line":87,"column":31}},"87":{"start":{"line":88,"column":0},"end":{"line":88,"column":34}},"88":{"start":{"line":89,"column":0},"end":{"line":89,"column":3}},"89":{"start":{"line":90,"column":0},"end":{"line":90,"column":39}},"90":{"start":{"line":91,"column":0},"end":{"line":91,"column":83}},"91":{"start":{"line":92,"column":0},"end":{"line":92,"column":3}},"92":{"start":{"line":93,"column":0},"end":{"line":93,"column":38}},"93":{"start":{"line":94,"column":0},"end":{"line":94,"column":26}},"94":{"start":{"line":95,"column":0},"end":{"line":95,"column":3}},"95":{"start":{"line":96,"column":0},"end":{"line":96,"column":40}},"96":{"start":{"line":97,"column":0},"end":{"line":97,"column":47}},"97":{"start":{"line":98,"column":0},"end":{"line":98,"column":62}},"98":{"start":{"line":99,"column":0},"end":{"line":99,"column":37}},"99":{"start":{"line":100,"column":0},"end":{"line":100,"column":57}},"100":{"start":{"line":101,"column":0},"end":{"line":101,"column":74}},"101":{"start":{"line":102,"column":0},"end":{"line":102,"column":7}},"102":{"start":{"line":103,"column":0},"end":{"line":103,"column":5}},"103":{"start":{"line":104,"column":0},"end":{"line":104,"column":15}},"104":{"start":{"line":105,"column":0},"end":{"line":105,"column":3}},"105":{"start":{"line":106,"column":0},"end":{"line":106,"column":68}},"106":{"start":{"line":107,"column":0},"end":{"line":107,"column":1}},"108":{"start":{"line":109,"column":0},"end":{"line":109,"column":57}},"109":{"start":{"line":110,"column":0},"end":{"line":110,"column":7}},"110":{"start":{"line":111,"column":0},"end":{"line":111,"column":73}},"112":{"start":{"line":113,"column":0},"end":{"line":113,"column":104}},"113":{"start":{"line":114,"column":0},"end":{"line":114,"column":59}},"114":{"start":{"line":115,"column":0},"end":{"line":115,"column":5}},"116":{"start":{"line":117,"column":0},"end":{"line":117,"column":45}},"117":{"start":{"line":118,"column":0},"end":{"line":118,"column":19}},"118":{"start":{"line":119,"column":0},"end":{"line":119,"column":41}},"119":{"start":{"line":120,"column":0},"end":{"line":120,"column":18}},"120":{"start":{"line":121,"column":0},"end":{"line":121,"column":5}},"121":{"start":{"line":122,"column":0},"end":{"line":122,"column":72}},"122":{"start":{"line":123,"column":0},"end":{"line":123,"column":16}},"123":{"start":{"line":124,"column":0},"end":{"line":124,"column":112}},"124":{"start":{"line":125,"column":0},"end":{"line":125,"column":5}},"125":{"start":{"line":126,"column":0},"end":{"line":126,"column":64}},"126":{"start":{"line":127,"column":0},"end":{"line":127,"column":3}},"127":{"start":{"line":128,"column":0},"end":{"line":128,"column":1}}},"s":{"0":1,"1":1,"4":1,"5":1,"6":5,"7":5,"8":5,"9":1,"16":49,"17":49,"18":2,"19":2,"21":47,"23":47,"24":47,"25":47,"28":47,"29":34,"30":34,"32":34,"33":34,"34":34,"35":34,"36":34,"37":34,"38":25,"39":1,"40":1,"41":24,"42":34,"43":1,"44":34,"45":2,"46":2,"47":1,"48":1,"49":1,"50":34,"51":1,"52":34,"53":1,"54":34,"55":1,"56":34,"57":1,"58":34,"59":1,"60":34,"61":0,"64":13,"65":13,"66":13,"67":13,"69":13,"70":0,"71":0,"73":13,"74":13,"75":47,"77":0,"78":0,"85":24,"86":24,"87":13,"88":13,"89":24,"90":4,"91":4,"92":24,"93":5,"94":5,"95":2,"96":2,"97":2,"98":2,"99":2,"100":2,"101":2,"102":2,"103":1,"104":1,"105":0,"106":0,"108":1,"109":29,"110":29,"112":29,"113":0,"114":0,"116":29,"117":29,"118":5,"119":5,"120":5,"121":0,"122":0,"123":0,"124":0,"125":0,"126":0,"127":29},"branchMap":{"0":{"type":"branch","line":6,"loc":{"start":{"line":6,"column":2},"end":{"line":9,"column":3}},"locations":[{"start":{"line":6,"column":2},"end":{"line":9,"column":3}}]},"1":{"type":"branch","line":17,"loc":{"start":{"line":17,"column":0},"end":{"line":79,"column":1}},"locations":[{"start":{"line":17,"column":0},"end":{"line":79,"column":1}}]},"2":{"type":"branch","line":18,"loc":{"start":{"line":18,"column":38},"end":{"line":20,"column":3}},"locations":[{"start":{"line":18,"column":38},"end":{"line":20,"column":3}}]},"3":{"type":"branch","line":20,"loc":{"start":{"line":20,"column":2},"end":{"line":76,"column":3}},"locations":[{"start":{"line":20,"column":2},"end":{"line":76,"column":3}}]},"4":{"type":"branch","line":29,"loc":{"start":{"line":29,"column":24},"end":{"line":29,"column":61}},"locations":[{"start":{"line":29,"column":24},"end":{"line":29,"column":61}}]},"5":{"type":"branch","line":29,"loc":{"start":{"line":29,"column":61},"end":{"line":62,"column":5}},"locations":[{"start":{"line":29,"column":61},"end":{"line":62,"column":5}}]},"6":{"type":"branch","line":34,"loc":{"start":{"line":34,"column":8},"end":{"line":34,"column":22}},"locations":[{"start":{"line":34,"column":8},"end":{"line":34,"column":22}}]},"7":{"type":"branch","line":35,"loc":{"start":{"line":35,"column":8},"end":{"line":35,"column":22}},"locations":[{"start":{"line":35,"column":8},"end":{"line":35,"column":22}}]},"8":{"type":"branch","line":36,"loc":{"start":{"line":36,"column":8},"end":{"line":36,"column":23}},"locations":[{"start":{"line":36,"column":8},"end":{"line":36,"column":23}}]},"9":{"type":"branch","line":37,"loc":{"start":{"line":37,"column":8},"end":{"line":37,"column":20}},"locations":[{"start":{"line":37,"column":8},"end":{"line":37,"column":20}}]},"10":{"type":"branch","line":38,"loc":{"start":{"line":38,"column":8},"end":{"line":42,"column":33}},"locations":[{"start":{"line":38,"column":8},"end":{"line":42,"column":33}}]},"11":{"type":"branch","line":39,"loc":{"start":{"line":39,"column":31},"end":{"line":41,"column":11}},"locations":[{"start":{"line":39,"column":31},"end":{"line":41,"column":11}}]},"12":{"type":"branch","line":41,"loc":{"start":{"line":41,"column":10},"end":{"line":42,"column":33}},"locations":[{"start":{"line":41,"column":10},"end":{"line":42,"column":33}}]},"13":{"type":"branch","line":43,"loc":{"start":{"line":43,"column":8},"end":{"line":44,"column":36}},"locations":[{"start":{"line":43,"column":8},"end":{"line":44,"column":36}}]},"14":{"type":"branch","line":45,"loc":{"start":{"line":45,"column":8},"end":{"line":50,"column":61}},"locations":[{"start":{"line":45,"column":8},"end":{"line":50,"column":61}}]},"15":{"type":"branch","line":47,"loc":{"start":{"line":47,"column":59},"end":{"line":50,"column":61}},"locations":[{"start":{"line":47,"column":59},"end":{"line":50,"column":61}}]},"16":{"type":"branch","line":51,"loc":{"start":{"line":51,"column":8},"end":{"line":52,"column":48}},"locations":[{"start":{"line":51,"column":8},"end":{"line":52,"column":48}}]},"17":{"type":"branch","line":53,"loc":{"start":{"line":53,"column":8},"end":{"line":54,"column":65}},"locations":[{"start":{"line":53,"column":8},"end":{"line":54,"column":65}}]},"18":{"type":"branch","line":55,"loc":{"start":{"line":55,"column":8},"end":{"line":56,"column":67}},"locations":[{"start":{"line":55,"column":8},"end":{"line":56,"column":67}}]},"19":{"type":"branch","line":57,"loc":{"start":{"line":57,"column":8},"end":{"line":58,"column":67}},"locations":[{"start":{"line":57,"column":8},"end":{"line":58,"column":67}}]},"20":{"type":"branch","line":59,"loc":{"start":{"line":59,"column":8},"end":{"line":60,"column":78}},"locations":[{"start":{"line":59,"column":8},"end":{"line":60,"column":78}}]},"21":{"type":"branch","line":61,"loc":{"start":{"line":61,"column":6},"end":{"line":62,"column":5}},"locations":[{"start":{"line":61,"column":6},"end":{"line":62,"column":5}}]},"22":{"type":"branch","line":62,"loc":{"start":{"line":62,"column":4},"end":{"line":75,"column":5}},"locations":[{"start":{"line":62,"column":4},"end":{"line":75,"column":5}}]},"23":{"type":"branch","line":70,"loc":{"start":{"line":70,"column":61},"end":{"line":72,"column":7}},"locations":[{"start":{"line":70,"column":61},"end":{"line":72,"column":7}}]},"24":{"type":"branch","line":76,"loc":{"start":{"line":76,"column":2},"end":{"line":79,"column":1}},"locations":[{"start":{"line":76,"column":2},"end":{"line":79,"column":1}}]},"25":{"type":"branch","line":31,"loc":{"start":{"line":31,"column":38},"end":{"line":31,"column":72}},"locations":[{"start":{"line":31,"column":38},"end":{"line":31,"column":72}}]},"26":{"type":"branch","line":47,"loc":{"start":{"line":47,"column":30},"end":{"line":47,"column":56}},"locations":[{"start":{"line":47,"column":30},"end":{"line":47,"column":56}}]},"27":{"type":"branch","line":68,"loc":{"start":{"line":68,"column":38},"end":{"line":68,"column":72}},"locations":[{"start":{"line":68,"column":38},"end":{"line":68,"column":72}}]},"28":{"type":"branch","line":86,"loc":{"start":{"line":86,"column":0},"end":{"line":107,"column":1}},"locations":[{"start":{"line":86,"column":0},"end":{"line":107,"column":1}}]},"29":{"type":"branch","line":87,"loc":{"start":{"line":87,"column":30},"end":{"line":89,"column":3}},"locations":[{"start":{"line":87,"column":30},"end":{"line":89,"column":3}}]},"30":{"type":"branch","line":89,"loc":{"start":{"line":89,"column":2},"end":{"line":90,"column":38}},"locations":[{"start":{"line":89,"column":2},"end":{"line":90,"column":38}}]},"31":{"type":"branch","line":90,"loc":{"start":{"line":90,"column":38},"end":{"line":92,"column":3}},"locations":[{"start":{"line":90,"column":38},"end":{"line":92,"column":3}}]},"32":{"type":"branch","line":92,"loc":{"start":{"line":92,"column":2},"end":{"line":93,"column":37}},"locations":[{"start":{"line":92,"column":2},"end":{"line":93,"column":37}}]},"33":{"type":"branch","line":93,"loc":{"start":{"line":93,"column":37},"end":{"line":95,"column":3}},"locations":[{"start":{"line":93,"column":37},"end":{"line":95,"column":3}}]},"34":{"type":"branch","line":95,"loc":{"start":{"line":95,"column":2},"end":{"line":105,"column":3}},"locations":[{"start":{"line":95,"column":2},"end":{"line":105,"column":3}}]},"35":{"type":"branch","line":103,"loc":{"start":{"line":103,"column":4},"end":{"line":105,"column":3}},"locations":[{"start":{"line":103,"column":4},"end":{"line":105,"column":3}}]},"36":{"type":"branch","line":105,"loc":{"start":{"line":105,"column":2},"end":{"line":107,"column":1}},"locations":[{"start":{"line":105,"column":2},"end":{"line":107,"column":1}}]},"37":{"type":"branch","line":91,"loc":{"start":{"line":91,"column":49},"end":{"line":91,"column":81}},"locations":[{"start":{"line":91,"column":49},"end":{"line":91,"column":81}}]},"38":{"type":"branch","line":109,"loc":{"start":{"line":109,"column":7},"end":{"line":128,"column":1}},"locations":[{"start":{"line":109,"column":7},"end":{"line":128,"column":1}}]},"39":{"type":"branch","line":113,"loc":{"start":{"line":113,"column":103},"end":{"line":115,"column":5}},"locations":[{"start":{"line":113,"column":103},"end":{"line":115,"column":5}}]},"40":{"type":"branch","line":118,"loc":{"start":{"line":118,"column":2},"end":{"line":127,"column":3}},"locations":[{"start":{"line":118,"column":2},"end":{"line":127,"column":3}}]},"41":{"type":"branch","line":121,"loc":{"start":{"line":121,"column":4},"end":{"line":127,"column":3}},"locations":[{"start":{"line":121,"column":4},"end":{"line":127,"column":3}}]}},"b":{"0":[5],"1":[49],"2":[2],"3":[47],"4":[34],"5":[34],"6":[14],"7":[22],"8":[23],"9":[24],"10":[25],"11":[1],"12":[24],"13":[1],"14":[2],"15":[1],"16":[1],"17":[1],"18":[1],"19":[1],"20":[1],"21":[0],"22":[13],"23":[0],"24":[0],"25":[9],"26":[4],"27":[5],"28":[24],"29":[13],"30":[11],"31":[4],"32":[7],"33":[5],"34":[2],"35":[1],"36":[0],"37":[10],"38":[29],"39":[0],"40":[5],"41":[0]},"fnMap":{"0":{"name":"ZodParseError","decl":{"start":{"line":6,"column":2},"end":{"line":9,"column":3}},"loc":{"start":{"line":6,"column":2},"end":{"line":9,"column":3}},"line":6},"1":{"name":"parseNode","decl":{"start":{"line":17,"column":0},"end":{"line":79,"column":1}},"loc":{"start":{"line":17,"column":0},"end":{"line":79,"column":1}},"line":17},"2":{"name":"parseArg","decl":{"start":{"line":86,"column":0},"end":{"line":107,"column":1}},"loc":{"start":{"line":86,"column":0},"end":{"line":107,"column":1}},"line":86},"3":{"name":"parseZodString","decl":{"start":{"line":109,"column":7},"end":{"line":128,"column":1}},"loc":{"start":{"line":109,"column":7},"end":{"line":128,"column":1}},"line":109}},"f":{"0":5,"1":49,"2":24,"3":29}}
}
